2020-03-25 15:44:52,117 [1] INFO  - Loaded appender: FileAppenderExternal
2020-03-25 15:44:52,174 [1] INFO  - Loaded appender: UserLoggerAppender
2020-03-25 15:44:52,175 [1] INFO  - Loaded appender: FileAppenderInternal
2020-03-25 15:44:52,176 [1] INFO  - Loaded appender: FileAppenderExternal
2020-03-25 15:44:52,176 [1] INFO  - Loaded appender: UserLoggerAppender
2020-03-25 15:44:52,176 [1] INFO  - Loaded appender: FileAppenderInternal
2020-03-25 15:44:53,524 [18] INFO  - Step 'Start' : Step 'Start' started
2020-03-25 15:44:53,677 [18] INFO  - Step 'Start' ended successfully
2020-03-25 15:44:53,679 [18] INFO  - Step 'Test Flow' : Step 'Test Flow' started
2020-03-25 15:44:53,682 [18] INFO  - Step 'Iteration 1' : Step 'Iteration 1' started
2020-03-25 15:44:53,685 [18] INFO  - Step 'Create New Order.FR - Login' : Step 'Create New Order.FR - Login' started
2020-03-25 15:44:55,606 [18] INFO  - Step 'Create New Order.FR - Login' : Input Parameter 'Agent', Value: 'John'
2020-03-25 15:44:55,683 [18] INFO  - Step 'Create New Order.FR - Login' : Input Parameter 'Password', Value: '5e28a383f272f0458ede'
2020-03-25 15:45:13,555 [18] INFO  - Step 'Create New Order.FR - Login' : Output Parameter 'Logged_In', Value: 'True'
2020-03-25 15:45:14,188 [18] INFO  - Step 'Create New Order.FR - Login' ended successfully
2020-03-25 15:45:14,190 [18] INFO  - Step 'Login successful?' : Step 'Login successful?' started
2020-03-25 15:45:14,195 [18] INFO  - Step 'IfElse43' : Evaluation style : Using condition
2020-03-25 15:45:14,197 [18] INFO  - Step 'No' : Step 'No' started
2020-03-25 15:45:14,199 [18] INFO  - Step 'Login failed' : Step 'Login failed' started
2020-03-25 15:45:14,205 [18] INFO  - Step 'Login failed' : Login failed
2020-03-25 15:45:14,218 [18] INFO  - Step 'No' ended successfully
2020-03-25 15:45:14,221 [18] INFO  - Step 'Login successful?' ended successfully
2020-03-25 15:45:14,224 [18] INFO  - Step 'Create New Order.FR - Close App' : Step 'Create New Order.FR - Close App' started
2020-03-25 15:45:28,393 [18] INFO  - Step 'Create New Order.FR - Close App' ended successfully
2020-03-25 15:45:28,398 [18] INFO  - Step 'Iteration 1' ended successfully
2020-03-25 15:45:28,402 [18] INFO  - Step 'Test Flow' ended successfully
2020-03-25 15:45:28,405 [18] INFO  - Step 'End' : Step 'End' started
2020-03-25 15:45:28,421 [18] INFO  - Step 'End' ended successfully
